<?xml version="1.0" encoding="UTF-8"?>
<!-- Generated by org.testng.reporters.JUnitReportReporter -->
<testsuite hostname="AXM" failures="0" tests="1" name="pgm1.Program1" time="0.037" errors="0" timestamp="2024-12-07T11:06:52 IST" skipped="0">
  <testcase classname="pgm1.Program1" name="login" time="0.037"/>
  <system-out/>
</testsuite> <!-- pgm1.Program1 -->
